%!Adobe-FontList 1.24
%Locale:0x409

%BeginFont
Handler:DirectoryHandler
FontType:Invalid
OutlineFileName:/Volumes/g-speed q/TRABAJOS EN CURSO/CASAS & ASOCIADOS/WEB/empaquetado WEB CASAS & ASOCIADOS V/Document fonts/AdobeFnt24.lst
FileLength:3460
FileModTime:744295477
%EndFont

%BeginFont
Handler:DirectoryHandler
FontType:Type1
FontName:MinionPro-Regular
FamilyName:Minion Pro
StyleName:Regular
MenuName:Minion Pro
StyleBits:0
WeightClass:400
WidthClass:5
AngleClass:0
FullName:Minion Pro
WritingScript:Roman
OutlineFileName:/Volumes/g-speed q/TRABAJOS EN CURSO/CASAS & ASOCIADOS/WEB/empaquetado WEB CASAS & ASOCIADOS V/Document fonts/MinionPro-Regular.otf
DataFormat:sfntData
UsesStandardEncoding:yes
isCFF:yes
hasSVG:no
hasSBIX:no
hasCOLR:no
VariableFontType:NonVariableFont
FileLength:217280
FileModTime:664297560
DesignSize:110
NameArray:0,Mac,4,Minion Pro
NameArray:0,Win,1,Minion Pro
%EndFont

%BeginFont
Handler:DirectoryHandler
FontType:TrueType
FontName:Poppins-Bold
FamilyName:Poppins
StyleName:Bold
MenuName:Poppins
StyleBits:2
WeightClass:700
WidthClass:5
AngleClass:0
FullName:Poppins Bold
WritingScript:Roman
OutlineFileName:/Volumes/g-speed q/TRABAJOS EN CURSO/CASAS & ASOCIADOS/WEB/empaquetado WEB CASAS & ASOCIADOS V/Document fonts/Poppins-Bold.ttf
DataFormat:sfntData
hasSVG:no
hasSBIX:no
hasCOLR:no
VariableFontType:NonVariableFont
FileLength:153900
FileModTime:744271153
NameArray:0,Win,1,Poppins
%EndFont

%BeginFont
Handler:DirectoryHandler
FontType:TrueType
FontName:Poppins-Light
FamilyName:Poppins
StyleName:Light
MenuName:Poppins Light
StyleBits:0
WeightClass:300
WidthClass:5
AngleClass:0
FullName:Poppins Light
WritingScript:Roman
OutlineFileName:/Volumes/g-speed q/TRABAJOS EN CURSO/CASAS & ASOCIADOS/WEB/empaquetado WEB CASAS & ASOCIADOS V/Document fonts/Poppins-Light.ttf
DataFormat:sfntData
hasSVG:no
hasSBIX:no
hasCOLR:no
VariableFontType:NonVariableFont
FileLength:159892
FileModTime:744271153
NameArray:0,Win,1,Poppins Light
NameArray:0,Win,16,Poppins
%EndFont

%BeginFont
Handler:DirectoryHandler
FontType:TrueType
FontName:Poppins-Medium
FamilyName:Poppins
StyleName:Medium
MenuName:Poppins Medium
StyleBits:0
WeightClass:500
WidthClass:5
AngleClass:0
FullName:Poppins Medium
WritingScript:Roman
OutlineFileName:/Volumes/g-speed q/TRABAJOS EN CURSO/CASAS & ASOCIADOS/WEB/empaquetado WEB CASAS & ASOCIADOS V/Document fonts/Poppins-Medium.ttf
DataFormat:sfntData
hasSVG:no
hasSBIX:no
hasCOLR:no
VariableFontType:NonVariableFont
FileLength:156480
FileModTime:744271153
NameArray:0,Win,1,Poppins Medium
NameArray:0,Win,16,Poppins
%EndFont

%BeginFont
Handler:DirectoryHandler
FontType:TrueType
FontName:Poppins-Regular
FamilyName:Poppins
StyleName:Regular
MenuName:Poppins
StyleBits:0
WeightClass:400
WidthClass:5
AngleClass:0
FullName:Poppins Regular
WritingScript:Roman
OutlineFileName:/Volumes/g-speed q/TRABAJOS EN CURSO/CASAS & ASOCIADOS/WEB/empaquetado WEB CASAS & ASOCIADOS V/Document fonts/Poppins-Regular.ttf
DataFormat:sfntData
hasSVG:no
hasSBIX:no
hasCOLR:no
VariableFontType:NonVariableFont
FileLength:158192
FileModTime:744271153
NameArray:0,Win,1,Poppins
%EndFont

%BeginFont
Handler:DirectoryHandler
FontType:TrueType
FontName:Poppins-SemiBold
FamilyName:Poppins
StyleName:SemiBold
MenuName:Poppins SemiBold
StyleBits:0
WeightClass:600
WidthClass:5
AngleClass:0
FullName:Poppins SemiBold
WritingScript:Roman
OutlineFileName:/Volumes/g-speed q/TRABAJOS EN CURSO/CASAS & ASOCIADOS/WEB/empaquetado WEB CASAS & ASOCIADOS V/Document fonts/Poppins-SemiBold.ttf
DataFormat:sfntData
hasSVG:no
hasSBIX:no
hasCOLR:no
VariableFontType:NonVariableFont
FileLength:155192
FileModTime:744271153
NameArray:0,Win,1,Poppins SemiBold
NameArray:0,Win,16,Poppins
%EndFont

